#
# A fatal error has been detected by the Java Runtime Environment:
#
#  EXCEPTION_ACCESS_VIOLATION (0xc0000005) at pc=0x000000005ecdf94b, pid=8692, tid=12928
#
# JRE version: Java(TM) SE Runtime Environment (8.0_31-b13) (build 1.8.0_31-b13)
# Java VM: Java HotSpot(TM) 64-Bit Server VM (25.31-b07 mixed mode windows-amd64 compressed oops)
# Problematic frame:
# C  [awt.dll+0x2f94b]
#
# Failed to write core dump. Minidumps are not enabled by default on client versions of Windows
#
# If you would like to submit a bug report, please visit:
#   http://bugreport.java.com/bugreport/crash.jsp
# The crash happened outside the Java Virtual Machine in native code.
# See problematic frame for where to report the bug.
#

---------------  T H R E A D  ---------------

Current thread (0x0000000019a82800):  JavaThread "AWT-EventQueue-0" [_thread_in_native, id=12928, stack(0x000000001d440000,0x000000001d540000)]

siginfo: ExceptionCode=0xc0000005, reading address 0xfffffffea2200720

Registers:
RAX=0xffffffff80000000, RBX=0x0000000000000001, RCX=0x00000000a2200720, RDX=0x0000000000000000
RSP=0x000000001d538c20, RBP=0x8000000000000000, RSI=0x000000001d539d3c, RDI=0x0000000000000383
R8 =0xffffffff80000000, R9 =0x8000000000000000, R10=0x000000001d538f34, R11=0x8000000000000000
R12=0x8000000000000000, R13=0x00000000a2200720, R14=0x0000000000001afc, R15=0x000000005edff540
RIP=0x000000005ecdf94b, EFLAGS=0x0000000000010202

Top of Stack: (sp=0x000000001d538c20)
0x000000001d538c20:   00000000fffff800 0000000000000000
0x000000001d538c30:   0000000000000384 0000000000000383
0x000000001d538c40:   0000000000000000 000000005ed220a0
0x000000001d538c50:   0000000000000001 000000001d538d50
0x000000001d538c60:   0000000000000383 8000000000000000
0x000000001d538c70:   8000000000000000 0000000000000000
0x000000001d538c80:   8000000000000000 0000000017b67ee8
0x000000001d538c90:   0000000017b67fc8 00000000175e9878
0x000000001d538ca0:   0000000017b66de8 000000001d538cc8
0x000000001d538cb0:   00000000203cdb40 0000000007a3f949
0x000000001d538cc0:   0000000005c28fd9 0000000017b66e48
0x000000001d538cd0:   0000080000000000 000000001a24f330
0x000000001d538ce0:   0000000000000000 000000001d53af30
0x000000001d538cf0:   000000001a2528b0 8000000000000000
0x000000001d538d00:   0000000000000000 000000005ecdf8c0
0x000000001d538d10:   8000000000000000 0000000019a829e8 

Instructions: (pc=0x000000005ecdf94b)
0x000000005ecdf92b:   00 00 00 00 00 49 8b c3 48 c1 f8 20 41 0f af c6
0x000000005ecdf93b:   48 63 c8 49 8b c1 48 c1 f8 20 49 03 cd 4c 63 c0
0x000000005ecdf94b:   42 0f b6 14 81 85 d2 74 4b 42 0f b6 5c 81 01 42
0x000000005ecdf95b:   0f b6 7c 81 02 46 0f b6 44 81 03 81 fa ff 00 00 


Register to memory mapping:

RAX=0xffffffff80000000 is an unknown value
RBX=0x0000000000000001 is an unknown value
RCX=0x00000000a2200720 is pointing into object: 0x00000000a2200710
[B 
 - klass: {type array byte}
 - length: 15259772
RDX=0x0000000000000000 is an unknown value
RSP=0x000000001d538c20 is pointing into the stack for thread: 0x0000000019a82800
RBP=0x8000000000000000 is an unknown value
RSI=0x000000001d539d3c is pointing into the stack for thread: 0x0000000019a82800
RDI=0x0000000000000383 is an unknown value
R8 =0xffffffff80000000 is an unknown value
R9 =0x8000000000000000 is an unknown value
R10=0x000000001d538f34 is pointing into the stack for thread: 0x0000000019a82800
R11=0x8000000000000000 is an unknown value
R12=0x8000000000000000 is an unknown value
R13=0x00000000a2200720 is pointing into object: 0x00000000a2200710
[B 
 - klass: {type array byte}
 - length: 15259772
R14=0x0000000000001afc is an unknown value
R15=0x000000005edff540 is an unknown value


Stack: [0x000000001d440000,0x000000001d540000],  sp=0x000000001d538c20,  free space=995k
Native frames: (J=compiled Java code, j=interpreted, Vv=VM code, C=native code)
C  [awt.dll+0x2f94b]
C  [awt.dll+0x720a0]
C  0x0000000004575b74

Java frames: (J=compiled Java code, j=interpreted, Vv=VM code)
j  sun.java2d.loops.TransformHelper.Transform(Lsun/java2d/loops/MaskBlit;Lsun/java2d/SurfaceData;Lsun/java2d/SurfaceData;Ljava/awt/Composite;Lsun/java2d/pipe/Region;Ljava/awt/geom/AffineTransform;IIIIIIIII[III)V+0
J 656 C2 sun.java2d.pipe.DrawImage.renderImageXform(Lsun/java2d/SunGraphics2D;Ljava/awt/Image;Ljava/awt/geom/AffineTransform;IIIIILjava/awt/Color;)V (763 bytes) @ 0x00000000047d6b30 [0x00000000047d61c0+0x970]
J 657 C2 sun.java2d.SunGraphics2D.drawImage(Ljava/awt/Image;IIIILjava/awt/image/ImageObserver;)Z (15 bytes) @ 0x00000000047d0734 [0x00000000047d0100+0x634]
J 819 C2 Grid.Grid.displayItems(Ljava/awt/Graphics2D;)V (240 bytes) @ 0x0000000004860440 [0x00000000048601a0+0x2a0]
J 789 C1 MainHandler.Screen.paint(Ljava/awt/Graphics;)V (55 bytes) @ 0x00000000048443bc [0x0000000004844060+0x35c]
J 799 C1 MainHandler.Screen.update(Ljava/awt/Graphics;)V (117 bytes) @ 0x000000000484c30c [0x000000000484ac00+0x170c]
J 785 C1 sun.awt.RepaintArea.paint(Ljava/lang/Object;Z)V (354 bytes) @ 0x000000000483e8dc [0x000000000483d760+0x117c]
J 825 C1 sun.awt.windows.WComponentPeer.handleEvent(Ljava/awt/AWTEvent;)V (173 bytes) @ 0x0000000004891a64 [0x0000000004890b80+0xee4]
J 818 C1 java.awt.Component.dispatchEventImpl(Ljava/awt/AWTEvent;)V (883 bytes) @ 0x000000000486b55c [0x0000000004864060+0x74fc]
J 732 C1 java.awt.Container.dispatchEventImpl(Ljava/awt/AWTEvent;)V (129 bytes) @ 0x000000000480f644 [0x000000000480f500+0x144]
J 806 C1 java.awt.EventQueue.dispatchEventImpl(Ljava/awt/AWTEvent;Ljava/lang/Object;)V (149 bytes) @ 0x000000000485644c [0x0000000004854dc0+0x168c]
J 804 C1 java.awt.EventQueue$3.run()Ljava/lang/Void; (60 bytes) @ 0x000000000484fe4c [0x000000000484fc40+0x20c]
J 803 C1 java.awt.EventQueue$3.run()Ljava/lang/Object; (5 bytes) @ 0x000000000485050c [0x0000000004850480+0x8c]
v  ~StubRoutines::call_stub
J 586  java.security.AccessController.doPrivileged(Ljava/security/PrivilegedAction;Ljava/security/AccessControlContext;)Ljava/lang/Object; (0 bytes) @ 0x00000000047a24a6 [0x00000000047a2440+0x66]
J 596 C1 java.security.ProtectionDomain$1.doIntersectionPrivilege(Ljava/security/PrivilegedAction;Ljava/security/AccessControlContext;Ljava/security/AccessControlContext;)Ljava/lang/Object; (32 bytes) @ 0x00000000047a64dc [0x00000000047a61e0+0x2fc]
J 745 C1 java.awt.EventQueue$4.run()Ljava/lang/Object; (5 bytes) @ 0x0000000004817d0c [0x0000000004817920+0x3ec]
v  ~StubRoutines::call_stub
J 586  java.security.AccessController.doPrivileged(Ljava/security/PrivilegedAction;Ljava/security/AccessControlContext;)Ljava/lang/Object; (0 bytes) @ 0x00000000047a24a6 [0x00000000047a2440+0x66]
J 710 C1 java.awt.EventQueue.dispatchEvent(Ljava/awt/AWTEvent;)V (80 bytes) @ 0x00000000047f9174 [0x00000000047f84c0+0xcb4]
J 715 C1 java.awt.EventDispatchThread.pumpOneEventForFilters(I)V (295 bytes) @ 0x00000000047fcc1c [0x00000000047fb0c0+0x1b5c]
j  java.awt.EventDispatchThread.pumpEventsForFilter(ILjava/awt/Conditional;Ljava/awt/EventFilter;)V+35
j  java.awt.EventDispatchThread.pumpEventsForHierarchy(ILjava/awt/Conditional;Ljava/awt/Component;)V+11
j  java.awt.EventDispatchThread.pumpEvents(ILjava/awt/Conditional;)V+4
j  java.awt.EventDispatchThread.pumpEvents(Ljava/awt/Conditional;)V+3
j  java.awt.EventDispatchThread.run()V+9
v  ~StubRoutines::call_stub

---------------  P R O C E S S  ---------------

Java Threads: ( => current thread )
  0x000000001a256000 JavaThread "D3D Screen Updater" daemon [_thread_blocked, id=11280, stack(0x000000001d770000,0x000000001d870000)]
=>0x0000000019a82800 JavaThread "AWT-EventQueue-0" [_thread_in_native, id=12928, stack(0x000000001d440000,0x000000001d540000)]
  0x0000000019a26800 JavaThread "AWT-Windows" daemon [_thread_in_native, id=11532, stack(0x000000001ab90000,0x000000001ac90000)]
  0x000000001a275800 JavaThread "AWT-Shutdown" [_thread_blocked, id=3464, stack(0x000000001aa90000,0x000000001ab90000)]
  0x00000000199d8000 JavaThread "Java2D Disposer" daemon [_thread_blocked, id=13660, stack(0x000000001a0b0000,0x000000001a1b0000)]
  0x0000000017dec000 JavaThread "Service Thread" daemon [_thread_blocked, id=1060, stack(0x0000000019ae0000,0x0000000019be0000)]
  0x0000000017dbb000 JavaThread "C1 CompilerThread2" daemon [_thread_blocked, id=3576, stack(0x00000000195e0000,0x00000000196e0000)]
  0x0000000017d91800 JavaThread "C2 CompilerThread1" daemon [_thread_blocked, id=9724, stack(0x00000000194e0000,0x00000000195e0000)]
  0x0000000017d8e000 JavaThread "C2 CompilerThread0" daemon [_thread_blocked, id=3060, stack(0x00000000193e0000,0x00000000194e0000)]
  0x0000000017d8c800 JavaThread "Attach Listener" daemon [_thread_blocked, id=10748, stack(0x00000000192e0000,0x00000000193e0000)]
  0x0000000017d8a800 JavaThread "Signal Dispatcher" daemon [_thread_blocked, id=14788, stack(0x00000000191e0000,0x00000000192e0000)]
  0x0000000004556000 JavaThread "Finalizer" daemon [_thread_blocked, id=15084, stack(0x0000000018fe0000,0x00000000190e0000)]
  0x000000000454d000 JavaThread "Reference Handler" daemon [_thread_blocked, id=6304, stack(0x0000000018ee0000,0x0000000018fe0000)]
  0x0000000004463000 JavaThread "main" [_thread_blocked, id=5244, stack(0x0000000004300000,0x0000000004400000)]

Other Threads:
  0x0000000017d56000 VMThread [stack: 0x0000000018de0000,0x0000000018ee0000] [id=12236]
  0x0000000019714000 WatcherThread [stack: 0x0000000019be0000,0x0000000019ce0000] [id=9688]

VM state:not at safepoint (normal execution)

VM Mutex/Monitor currently owned by a thread: None

Heap:
 PSYoungGen      total 44032K, used 19207K [0x00000000e0b80000, 0x00000000e4a80000, 0x0000000100000000)
  eden space 40448K, 39% used [0x00000000e0b80000,0x00000000e1af29f8,0x00000000e3300000)
  from space 3584K, 94% used [0x00000000e3300000,0x00000000e364f590,0x00000000e3680000)
  to   space 3584K, 0% used [0x00000000e4700000,0x00000000e4700000,0x00000000e4a80000)
 ParOldGen       total 94208K, used 15539K [0x00000000a2200000, 0x00000000a7e00000, 0x00000000e0b80000)
  object space 94208K, 16% used [0x00000000a2200000,0x00000000a312cf10,0x00000000a7e00000)
 Metaspace       used 9656K, capacity 9804K, committed 9984K, reserved 1058816K
  class space    used 1127K, capacity 1186K, committed 1280K, reserved 1048576K

Card table byte_map: [0x0000000013920000,0x0000000013c10000] byte_map_base: 0x000000001340f000

Marking Bits: (ParMarkBitMap*) 0x000000005f7dd4f0
 Begin Bits: [0x0000000014210000, 0x0000000015988000)
 End Bits:   [0x0000000015988000, 0x0000000017100000)

Polling page: 0x0000000002a80000

CodeCache: size=245760Kb used=3372Kb max_used=3372Kb free=242387Kb
 bounds [0x0000000004560000, 0x00000000048b0000, 0x0000000013560000]
 total_blobs=1332 nmethods=867 adapters=379
 compilation: enabled

Compilation events (10 events):
Event: 3.436 Thread 0x0000000017dbb000  864       3       java.awt.geom.RoundRectangle2D$Float::setRoundRect (34 bytes)
Event: 3.436 Thread 0x0000000017dbb000 nmethod 864 0x00000000048abc90 code [0x00000000048abde0, 0x00000000048abf50]
Event: 3.436 Thread 0x0000000017dbb000  865       3       java.awt.geom.RoundRectangle2D::getPathIterator (10 bytes)
Event: 3.436 Thread 0x0000000017dbb000 nmethod 865 0x00000000048abfd0 code [0x00000000048ac140, 0x00000000048ac348]
Event: 3.436 Thread 0x0000000017dbb000  866       3       java.awt.geom.RoundRectIterator::<init> (104 bytes)
Event: 3.437 Thread 0x0000000017dbb000 nmethod 866 0x00000000048ac410 code [0x00000000048ac600, 0x00000000048ace38]
Event: 3.437 Thread 0x0000000017dbb000  867       3       java.awt.geom.RoundRectangle2D$Float::getX (6 bytes)
Event: 3.437 Thread 0x0000000017dbb000 nmethod 867 0x00000000048ad050 code [0x00000000048ad1a0, 0x00000000048ad2f0]
Event: 3.437 Thread 0x0000000017dbb000  868       3       java.awt.geom.RoundRectangle2D$Float::getY (6 bytes)
Event: 3.437 Thread 0x0000000017dbb000 nmethod 868 0x00000000048ad350 code [0x00000000048ad4a0, 0x00000000048ad5f0]

GC Heap History (10 events):
Event: 0.565 GC heap before
{Heap before GC invocations=16 (full 8):
 PSYoungGen      total 44032K, used 32K [0x00000000e0b80000, 0x00000000e3a00000, 0x0000000100000000)
  eden space 40448K, 0% used [0x00000000e0b80000,0x00000000e0b80000,0x00000000e3300000)
  from space 3584K, 0% used [0x00000000e3680000,0x00000000e3688000,0x00000000e3a00000)
  to   space 3584K, 0% used [0x00000000e3300000,0x00000000e3300000,0x00000000e3680000)
 ParOldGen       total 94208K, used 15523K [0x00000000a2200000, 0x00000000a7e00000, 0x00000000e0b80000)
  object space 94208K, 16% used [0x00000000a2200000,0x00000000a3128c50,0x00000000a7e00000)
 Metaspace       used 5207K, capacity 5352K, committed 5504K, reserved 1056768K
  class space    used 568K, capacity 623K, committed 640K, reserved 1048576K
Event: 0.571 GC heap after
Heap after GC invocations=16 (full 8):
 PSYoungGen      total 44032K, used 0K [0x00000000e0b80000, 0x00000000e3a00000, 0x0000000100000000)
  eden space 40448K, 0% used [0x00000000e0b80000,0x00000000e0b80000,0x00000000e3300000)
  from space 3584K, 0% used [0x00000000e3680000,0x00000000e3680000,0x00000000e3a00000)
  to   space 3584K, 0% used [0x00000000e3300000,0x00000000e3300000,0x00000000e3680000)
 ParOldGen       total 94208K, used 15523K [0x00000000a2200000, 0x00000000a7e00000, 0x00000000e0b80000)
  object space 94208K, 16% used [0x00000000a2200000,0x00000000a3128db0,0x00000000a7e00000)
 Metaspace       used 5207K, capacity 5352K, committed 5504K, reserved 1056768K
  class space    used 568K, capacity 623K, committed 640K, reserved 1048576K
}
Event: 0.571 GC heap before
{Heap before GC invocations=17 (full 8):
 PSYoungGen      total 44032K, used 804K [0x00000000e0b80000, 0x00000000e3a00000, 0x0000000100000000)
  eden space 40448K, 1% used [0x00000000e0b80000,0x00000000e0c491c0,0x00000000e3300000)
  from space 3584K, 0% used [0x00000000e3680000,0x00000000e3680000,0x00000000e3a00000)
  to   space 3584K, 0% used [0x00000000e3300000,0x00000000e3300000,0x00000000e3680000)
 ParOldGen       total 94208K, used 15523K [0x00000000a2200000, 0x00000000a7e00000, 0x00000000e0b80000)
  object space 94208K, 16% used [0x00000000a2200000,0x00000000a3128db0,0x00000000a7e00000)
 Metaspace       used 5207K, capacity 5352K, committed 5504K, reserved 1056768K
  class space    used 568K, capacity 623K, committed 640K, reserved 1048576K
Event: 0.571 GC heap after
Heap after GC invocations=17 (full 8):
 PSYoungGen      total 44032K, used 64K [0x00000000e0b80000, 0x00000000e3a00000, 0x0000000100000000)
  eden space 40448K, 0% used [0x00000000e0b80000,0x00000000e0b80000,0x00000000e3300000)
  from space 3584K, 1% used [0x00000000e3300000,0x00000000e3310000,0x00000000e3680000)
  to   space 3584K, 0% used [0x00000000e3680000,0x00000000e3680000,0x00000000e3a00000)
 ParOldGen       total 94208K, used 15523K [0x00000000a2200000, 0x00000000a7e00000, 0x00000000e0b80000)
  object space 94208K, 16% used [0x00000000a2200000,0x00000000a3128db0,0x00000000a7e00000)
 Metaspace       used 5207K, capacity 5352K, committed 5504K, reserved 1056768K
  class space    used 568K, capacity 623K, committed 640K, reserved 1048576K
}
Event: 0.571 GC heap before
{Heap before GC invocations=18 (full 9):
 PSYoungGen      total 44032K, used 64K [0x00000000e0b80000, 0x00000000e3a00000, 0x0000000100000000)
  eden space 40448K, 0% used [0x00000000e0b80000,0x00000000e0b80000,0x00000000e3300000)
  from space 3584K, 1% used [0x00000000e3300000,0x00000000e3310000,0x00000000e3680000)
  to   space 3584K, 0% used [0x00000000e3680000,0x00000000e3680000,0x00000000e3a00000)
 ParOldGen       total 94208K, used 15523K [0x00000000a2200000, 0x00000000a7e00000, 0x00000000e0b80000)
  object space 94208K, 16% used [0x00000000a2200000,0x00000000a3128db0,0x00000000a7e00000)
 Metaspace       used 5207K, capacity 5352K, committed 5504K, reserved 1056768K
  class space    used 568K, capacity 623K, committed 640K, reserved 1048576K
Event: 0.577 GC heap after
Heap after GC invocations=18 (full 9):
 PSYoungGen      total 44032K, used 0K [0x00000000e0b80000, 0x00000000e3a00000, 0x0000000100000000)
  eden space 40448K, 0% used [0x00000000e0b80000,0x00000000e0b80000,0x00000000e3300000)
  from space 3584K, 0% used [0x00000000e3300000,0x00000000e3300000,0x00000000e3680000)
  to   space 3584K, 0% used [0x00000000e3680000,0x00000000e3680000,0x00000000e3a00000)
 ParOldGen       total 94208K, used 15523K [0x00000000a2200000, 0x00000000a7e00000, 0x00000000e0b80000)
  object space 94208K, 16% used [0x00000000a2200000,0x00000000a3128f10,0x00000000a7e00000)
 Metaspace       used 5207K, capacity 5352K, committed 5504K, reserved 1056768K
  class space    used 568K, capacity 623K, committed 640K, reserved 1048576K
}
Event: 0.920 GC heap before
{Heap before GC invocations=19 (full 9):
 PSYoungGen      total 44032K, used 33436K [0x00000000e0b80000, 0x00000000e3a00000, 0x0000000100000000)
  eden space 40448K, 82% used [0x00000000e0b80000,0x00000000e2c273a0,0x00000000e3300000)
  from space 3584K, 0% used [0x00000000e3300000,0x00000000e3300000,0x00000000e3680000)
  to   space 3584K, 0% used [0x00000000e3680000,0x00000000e3680000,0x00000000e3a00000)
 ParOldGen       total 94208K, used 15523K [0x00000000a2200000, 0x00000000a7e00000, 0x00000000e0b80000)
  object space 94208K, 16% used [0x00000000a2200000,0x00000000a3128f10,0x00000000a7e00000)
 Metaspace       used 8558K, capacity 8740K, committed 8832K, reserved 1056768K
  class space    used 1023K, capacity 1090K, committed 1152K, reserved 1048576K
Event: 0.922 GC heap after
Heap after GC invocations=19 (full 9):
 PSYoungGen      total 44032K, used 896K [0x00000000e0b80000, 0x00000000e4e00000, 0x0000000100000000)
  eden space 40448K, 0% used [0x00000000e0b80000,0x00000000e0b80000,0x00000000e3300000)
  from space 3584K, 25% used [0x00000000e3680000,0x00000000e3760000,0x00000000e3a00000)
  to   space 3584K, 0% used [0x00000000e3300000,0x00000000e3300000,0x00000000e3680000)
 ParOldGen       total 94208K, used 15531K [0x00000000a2200000, 0x00000000a7e00000, 0x00000000e0b80000)
  object space 94208K, 16% used [0x00000000a2200000,0x00000000a312af10,0x00000000a7e00000)
 Metaspace       used 8558K, capacity 8740K, committed 8832K, reserved 1056768K
  class space    used 1023K, capacity 1090K, committed 1152K, reserved 1048576K
}
Event: 2.530 GC heap before
{Heap before GC invocations=20 (full 9):
 PSYoungGen      total 44032K, used 41344K [0x00000000e0b80000, 0x00000000e4e00000, 0x0000000100000000)
  eden space 40448K, 100% used [0x00000000e0b80000,0x00000000e3300000,0x00000000e3300000)
  from space 3584K, 25% used [0x00000000e3680000,0x00000000e3760000,0x00000000e3a00000)
  to   space 3584K, 0% used [0x00000000e3300000,0x00000000e3300000,0x00000000e3680000)
 ParOldGen       total 94208K, used 15531K [0x00000000a2200000, 0x00000000a7e00000, 0x00000000e0b80000)
  object space 94208K, 16% used [0x00000000a2200000,0x00000000a312af10,0x00000000a7e00000)
 Metaspace       used 9566K, capacity 9740K, committed 9984K, reserved 1058816K
  class space    used 1127K, capacity 1186K, committed 1280K, reserved 1048576K
Event: 2.533 GC heap after
Heap after GC invocations=20 (full 9):
 PSYoungGen      total 44032K, used 3389K [0x00000000e0b80000, 0x00000000e4a80000, 0x0000000100000000)
  eden space 40448K, 0% used [0x00000000e0b80000,0x00000000e0b80000,0x00000000e3300000)
  from space 3584K, 94% used [0x00000000e3300000,0x00000000e364f590,0x00000000e3680000)
  to   space 3584K, 0% used [0x00000000e4700000,0x00000000e4700000,0x00000000e4a80000)
 ParOldGen       total 94208K, used 15539K [0x00000000a2200000, 0x00000000a7e00000, 0x00000000e0b80000)
  object space 94208K, 16% used [0x00000000a2200000,0x00000000a312cf10,0x00000000a7e00000)
 Metaspace       used 9566K, capacity 9740K, committed 9984K, reserved 1058816K
  class space    used 1127K, capacity 1186K, committed 1280K, reserved 1048576K
}

Deoptimization events (1 events):
Event: 3.466 Thread 0x0000000019a82800 Uncommon trap: reason=unreached action=reinterpret pc=0x00000000047b7f60 method=sun.java2d.loops.RenderCache.get(Lsun/java2d/loops/SurfaceType;Lsun/java2d/loops/CompositeType;Lsun/java2d/loops/SurfaceType;)Ljava/lang/Object; @ 29

Internal exceptions (10 events):
Event: 0.308 Thread 0x0000000004463000 Exception <a 'java/lang/NoSuchFieldError': method resolution failed> (0x00000000e0da2c20) thrown at [C:\workspace\8-2-build-windows-amd64-cygwin\jdk8u31\2394\hotspot\src\share\vm\prims\methodHandles.cpp, line 1159]
Event: 0.312 Thread 0x0000000004463000 Exception <a 'java/lang/NoSuchFieldError': method resolution failed> (0x00000000e0db17e8) thrown at [C:\workspace\8-2-build-windows-amd64-cygwin\jdk8u31\2394\hotspot\src\share\vm\prims\methodHandles.cpp, line 1159]
Event: 0.313 Thread 0x0000000004463000 Exception <a 'java/lang/NoSuchFieldError': method resolution failed> (0x00000000e0db4948) thrown at [C:\workspace\8-2-build-windows-amd64-cygwin\jdk8u31\2394\hotspot\src\share\vm\prims\methodHandles.cpp, line 1159]
Event: 0.504 Thread 0x0000000004463000 Exception <a 'java/security/PrivilegedActionException'> (0x00000000e137d8f8) thrown at [C:\workspace\8-2-build-windows-amd64-cygwin\jdk8u31\2394\hotspot\src\share\vm\prims\jvm.cpp, line 1312]
Event: 0.596 Thread 0x0000000004463000 Exception <a 'java/io/FileNotFoundException'> (0x00000000e0b91288) thrown at [C:\workspace\8-2-build-windows-amd64-cygwin\jdk8u31\2394\hotspot\src\share\vm\prims\jni.cpp, line 716]
Event: 0.769 Thread 0x0000000004463000 Exception <a 'java/security/PrivilegedActionException'> (0x00000000e0c45780) thrown at [C:\workspace\8-2-build-windows-amd64-cygwin\jdk8u31\2394\hotspot\src\share\vm\prims\jvm.cpp, line 1312]
Event: 0.770 Thread 0x0000000004463000 Exception <a 'java/security/PrivilegedActionException'> (0x00000000e0c47c50) thrown at [C:\workspace\8-2-build-windows-amd64-cygwin\jdk8u31\2394\hotspot\src\share\vm\prims\jvm.cpp, line 1312]
Event: 0.771 Thread 0x0000000004463000 Exception <a 'java/security/PrivilegedActionException'> (0x00000000e0d79e40) thrown at [C:\workspace\8-2-build-windows-amd64-cygwin\jdk8u31\2394\hotspot\src\share\vm\prims\jvm.cpp, line 1312]
Event: 0.772 Thread 0x0000000004463000 Exception <a 'java/security/PrivilegedActionException'> (0x00000000e0d7cd58) thrown at [C:\workspace\8-2-build-windows-amd64-cygwin\jdk8u31\2394\hotspot\src\share\vm\prims\jvm.cpp, line 1312]
Event: 3.466 Thread 0x0000000019a82800 Implicit null exception at 0x00000000047b7b64 to 0x00000000047b7f49

Events (10 events):
Event: 1.688 Thread 0x0000000019a82800 DEOPT UNPACKING pc=0x00000000045a75bf sp=0x000000001d53d068 mode 0
Event: 2.530 Executing VM operation: ParallelGCFailedAllocation
Event: 2.533 Executing VM operation: ParallelGCFailedAllocation done
Event: 2.590 Thread 0x0000000019a82800 DEOPT PACKING pc=0x00000000047ba21e sp=0x000000001d53d0d0
Event: 2.590 Thread 0x0000000019a82800 DEOPT UNPACKING pc=0x00000000045a75bf sp=0x000000001d53ce20 mode 0
Event: 2.615 Thread 0x0000000019a82800 DEOPT PACKING pc=0x00000000047c8dbb sp=0x000000001d53d2b0
Event: 2.615 Thread 0x0000000019a82800 DEOPT UNPACKING pc=0x00000000045a75bf sp=0x000000001d53d048 mode 0
Event: 3.466 Thread 0x0000000019a82800 Uncommon trap: trap_request=0xffffffad fr.pc=0x00000000047b7f60
Event: 3.466 Thread 0x0000000019a82800 DEOPT PACKING pc=0x00000000047b7f60 sp=0x000000001d53d030
Event: 3.466 Thread 0x0000000019a82800 DEOPT UNPACKING pc=0x00000000045a556a sp=0x000000001d53d000 mode 2


Dynamic libraries:
0x00007ff670e10000 - 0x00007ff670e44000 	C:\Program Files\Java\jdk1.8.0_31\bin\javaw.exe
0x00007ffb3edd0000 - 0x00007ffb3efb0000 	C:\WINDOWS\SYSTEM32\ntdll.dll
0x00007ffb3c410000 - 0x00007ffb3c4be000 	C:\WINDOWS\System32\KERNEL32.DLL
0x00007ffb3b920000 - 0x00007ffb3bb86000 	C:\WINDOWS\System32\KERNELBASE.dll
0x00007ffb3d460000 - 0x00007ffb3d501000 	C:\WINDOWS\System32\ADVAPI32.dll
0x00007ffb3d070000 - 0x00007ffb3d10d000 	C:\WINDOWS\System32\msvcrt.dll
0x00007ffb3d360000 - 0x00007ffb3d3bb000 	C:\WINDOWS\System32\sechost.dll
0x00007ffb3d110000 - 0x00007ffb3d22f000 	C:\WINDOWS\System32\RPCRT4.dll
0x00007ffb3ce60000 - 0x00007ffb3cfef000 	C:\WINDOWS\System32\USER32.dll
0x00007ffb3bf50000 - 0x00007ffb3bf70000 	C:\WINDOWS\System32\win32u.dll
0x00007ffb3d290000 - 0x00007ffb3d2b8000 	C:\WINDOWS\System32\GDI32.dll
0x00007ffb3bc30000 - 0x00007ffb3bdc3000 	C:\WINDOWS\System32\gdi32full.dll
0x00007ffb3bb90000 - 0x00007ffb3bc2b000 	C:\WINDOWS\System32\msvcp_win.dll
0x00007ffb3be50000 - 0x00007ffb3bf46000 	C:\WINDOWS\System32\ucrtbase.dll
0x00007ffb2c8d0000 - 0x00007ffb2cb39000 	C:\WINDOWS\WinSxS\amd64_microsoft.windows.common-controls_6595b64144ccf1df_6.0.16299.309_none_15cfd4c4935e6b11\COMCTL32.dll
0x00007ffb3c570000 - 0x00007ffb3c878000 	C:\WINDOWS\System32\combase.dll
0x00007ffb3bdd0000 - 0x00007ffb3be42000 	C:\WINDOWS\System32\bcryptPrimitives.dll
0x00007ffb3cba0000 - 0x00007ffb3cbcd000 	C:\WINDOWS\System32\IMM32.DLL
0x000000005ee50000 - 0x000000005ef22000 	C:\Program Files\Java\jdk1.8.0_31\jre\bin\msvcr100.dll
0x000000005f000000 - 0x000000005f85a000 	C:\Program Files\Java\jdk1.8.0_31\jre\bin\server\jvm.dll
0x00007ffb3d2e0000 - 0x00007ffb3d2e8000 	C:\WINDOWS\System32\PSAPI.DLL
0x00007ffb2bd70000 - 0x00007ffb2bd79000 	C:\WINDOWS\SYSTEM32\WSOCK32.dll
0x00007ffb3d2f0000 - 0x00007ffb3d35c000 	C:\WINDOWS\System32\WS2_32.dll
0x00007ffb37f50000 - 0x00007ffb37f73000 	C:\WINDOWS\SYSTEM32\WINMM.dll
0x00007ffb37f20000 - 0x00007ffb37f4a000 	C:\WINDOWS\SYSTEM32\WINMMBASE.dll
0x00007ffb3bfd0000 - 0x00007ffb3c01a000 	C:\WINDOWS\System32\cfgmgr32.dll
0x000000005eff0000 - 0x000000005efff000 	C:\Program Files\Java\jdk1.8.0_31\jre\bin\verify.dll
0x000000005efc0000 - 0x000000005efe8000 	C:\Program Files\Java\jdk1.8.0_31\jre\bin\java.dll
0x000000005efa0000 - 0x000000005efb6000 	C:\Program Files\Java\jdk1.8.0_31\jre\bin\zip.dll
0x00007ffb3d960000 - 0x00007ffb3ed96000 	C:\WINDOWS\System32\SHELL32.dll
0x00007ffb3c4c0000 - 0x00007ffb3c566000 	C:\WINDOWS\System32\shcore.dll
0x00007ffb3b1d0000 - 0x00007ffb3b917000 	C:\WINDOWS\System32\windows.storage.dll
0x00007ffb3d230000 - 0x00007ffb3d281000 	C:\WINDOWS\System32\shlwapi.dll
0x00007ffb3b140000 - 0x00007ffb3b151000 	C:\WINDOWS\System32\kernel.appcore.dll
0x00007ffb3b160000 - 0x00007ffb3b1ac000 	C:\WINDOWS\System32\powrprof.dll
0x00007ffb3b1b0000 - 0x00007ffb3b1cb000 	C:\WINDOWS\System32\profapi.dll
0x000000005ecb0000 - 0x000000005ee48000 	C:\Program Files\Java\jdk1.8.0_31\jre\bin\awt.dll
0x00007ffb3cd90000 - 0x00007ffb3ce55000 	C:\WINDOWS\System32\OLEAUT32.dll
0x00007ffb395d0000 - 0x00007ffb39658000 	C:\WINDOWS\SYSTEM32\apphelp.dll
0x00007ffb399c0000 - 0x00007ffb399ea000 	C:\WINDOWS\system32\DWMAPI.DLL
0x00007ffb39700000 - 0x00007ffb39795000 	C:\WINDOWS\system32\uxtheme.dll
0x00007ffb3c2a0000 - 0x00007ffb3c407000 	C:\WINDOWS\System32\MSCTF.dll
0x00007ffb3cbd0000 - 0x00007ffb3cd19000 	C:\WINDOWS\System32\ole32.dll
0x00007ffb08de0000 - 0x00007ffb08f75000 	C:\WINDOWS\system32\d3d9.dll
0x00007ffaf7310000 - 0x00007ffaf7d7d000 	C:\WINDOWS\SYSTEM32\igdumdim64.dll
0x00007ffb33f50000 - 0x00007ffb343b5000 	C:\WINDOWS\SYSTEM32\igdusc64.dll
0x000000005ec60000 - 0x000000005eca7000 	C:\Program Files\Java\jdk1.8.0_31\jre\bin\fontmanager.dll
0x00007ffb304f0000 - 0x00007ffb30588000 	C:\WINDOWS\System32\TextInputFramework.dll
0x00007ffb369f0000 - 0x00007ffb36cde000 	C:\WINDOWS\System32\CoreUIComponents.dll
0x00007ffb38fc0000 - 0x00007ffb3909c000 	C:\WINDOWS\System32\CoreMessaging.dll
0x00007ffb3a250000 - 0x00007ffb3a281000 	C:\WINDOWS\SYSTEM32\ntmarta.dll
0x00007ffb373a0000 - 0x00007ffb374d6000 	C:\WINDOWS\SYSTEM32\wintypes.dll
0x000000005ef80000 - 0x000000005ef9a000 	C:\Program Files\Java\jdk1.8.0_31\jre\bin\net.dll
0x00007ffb3a9b0000 - 0x00007ffb3aa16000 	C:\WINDOWS\system32\mswsock.dll
0x000000005ef60000 - 0x000000005ef71000 	C:\Program Files\Java\jdk1.8.0_31\jre\bin\nio.dll
0x000000005ec10000 - 0x000000005ec51000 	C:\Program Files\Java\jdk1.8.0_31\jre\bin\t2k.dll
0x000000005ebe0000 - 0x000000005ec0a000 	C:\Program Files\Java\jdk1.8.0_31\jre\bin\dcpr.dll
0x00007ffb2be10000 - 0x00007ffb2bfd8000 	C:\WINDOWS\SYSTEM32\dbghelp.dll

VM Arguments:
jvm_args: -Dfile.encoding=UTF-8 
java_command: MainHandler.Main
java_class_path (initial): C:\Users\Ethan\workspace\TheLegendOfSnake\bin
Launcher Type: SUN_STANDARD

Environment Variables:
PATH=C:/Program Files/Java/jdk1.8.0_31/jre/bin/server;C:/Program Files/Java/jdk1.8.0_31/jre/bin;C:/Program Files/Java/jdk1.8.0_31/jre/lib/amd64;C:\ProgramData\Oracle\Java\javapath;C:\Program Files (x86)\NVIDIA Corporation\PhysX\Common;C:\Program Files (x86)\Intel\iCLS Client\;C:\Program Files\Intel\iCLS Client\;C:\WINDOWS\system32;C:\WINDOWS;C:\WINDOWS\System32\Wbem;C:\WINDOWS\System32\WindowsPowerShell\v1.0\;C:\Program Files\Intel\Intel(R) Management Engine Components\DAL;C:\Program Files\Intel\Intel(R) Management Engine Components\IPT;C:\Program Files (x86)\Intel\Intel(R) Management Engine Components\DAL;C:\Program Files (x86)\Intel\Intel(R) Management Engine Components\IPT;C:\Program Files (x86)\Intel\OpenCL SDK\2.0\bin\x86;C:\Program Files (x86)\Intel\OpenCL SDK\2.0\bin\x64;C:\Program Files\Lenovo\Bluetooth Software\;C:\Program Files\Lenovo\Bluetooth Software\syswow64;C:\Program Files\Intel\WiFi\bin\;C:\Program Files\Common Files\Intel\WirelessCommon\;C:\Program Files (x86)\IVI Foundation\VISA\WinNT\Bin;C:\Program Files (x86)\GtkSharp\2.12\bin;C:\Program Files (x86)\Common Files\Adobe\AGL;C:\Program Files (x86)\IVI Foundation\VISA\WinNT\Bin\;C:\Program Files\IVI Foundation\VISA\Win64\Bin\;C:\Program Files (x86)\Skype\Phone\;C:\Program Files\dotnet\;C:\Program Files\Microsoft SQL Server\130\Tools\Binn\;C:\Users\Ethan\AppData\Local\Microsoft\WindowsApps;;C:\Program Files\Microsoft VS Code\bin;C:\Users\Ethan\eclipse\java-neon2\eclipse;
USERNAME=Ethan
OS=Windows_NT
PROCESSOR_IDENTIFIER=Intel64 Family 6 Model 58 Stepping 9, GenuineIntel



---------------  S Y S T E M  ---------------

OS: Windows 8.1 , 64 bit Build 9600 

CPU:total 4 (2 cores per cpu, 2 threads per core) family 6 model 58 stepping 9, cmov, cx8, fxsr, mmx, sse, sse2, sse3, ssse3, sse4.1, sse4.2, popcnt, avx, clmul, erms, ht, tsc, tscinvbit, tscinv

Memory: 4k page, physical 6149028k(1023004k free), swap 11916196k(4880132k free)

vm_info: Java HotSpot(TM) 64-Bit Server VM (25.31-b07) for windows-amd64 JRE (1.8.0_31-b13), built on Dec 17 2014 21:00:28 by "java_re" with MS VC++ 10.0 (VS2010)

time: Mon Mar 19 22:30:41 2018
elapsed time: 3 seconds (0d 0h 0m 3s)

